<?xml version="1.0" encoding="UTF-8"?>
<!-- Generated by org.testng.reporters.JUnitReportReporter -->
<testsuite hostname="DESKTOP-PG2AANC" name="test.Search" tests="2" failures="0" timestamp="8 May 2020 12:00:53 GMT" time="19.004" errors="0">
  <testcase name="searchGoogle" time="10.138" classname="test.Search"/>
  <testcase name="searchGoogle" time="8.866" classname="test.Search"/>
</testsuite> <!-- test.Search -->
