<?xml version="1.0" encoding="UTF-8"?>
<!-- Generated by org.testng.reporters.JUnitReportReporter -->
<testsuite hostname="DESKTOP-PG2AANC" name="utility.SignUp" tests="1" failures="0" timestamp="8 May 2020 11:59:00 GMT" time="13.154" errors="0">
  <testcase name="googleSignUp" time="13.154" classname="utility.SignUp"/>
</testsuite> <!-- utility.SignUp -->
